<?xml version="1.0" encoding="UTF-8"?>
<testsuite name="Cucumber" time="31.777" tests="2" skipped="0" failures="1" errors="0">
<testcase classname="first feature file" name="TC_01_iphone_search" time="17.949">
<failure type="java.lang.AssertionError">
<![CDATA[java.lang.AssertionError
	at org.junit.Assert.fail(Assert.java:87)
	at org.junit.Assert.assertTrue(Assert.java:42)
	at org.junit.Assert.assertTrue(Assert.java:53)
	at stepdefinitions.GoogleStepDefinitions.verify_page_title_contains_i_phone(GoogleStepDefinitions.java:33)
	at âœ½.verify page title contains iPhone(file:///Users/techproed/IdeaProjects/my-cucumber-project/./src/test/resources/features/first_feature_file.feature:10)
]]>
</failure>
<system-out><![CDATA[
Given user is on the google home page.......................................passed
When user search for iPhone.................................................passed
Then verify page title contains iPhone......................................failed
Then close the application..................................................skipped
]]></system-out>
</testcase>
<testcase classname="first feature file" name="TC_02_teapot_search" time="13.6">
<system-out><![CDATA[
Given user is on the google home page.......................................passed
When user search for TeaPot.................................................passed
Then verify page title contains TeaPot......................................passed
Then close the application..................................................passed
]]></system-out>
</testcase>
</testsuite>
